error: Feb-22-2024 20:16:46: ValidationError: instructor validation failed: instructorId: Path `instructorId` is required.
    at Document.invalidate (F:\instructor_attendance_apis\api\node_modules\mongoose\lib\document.js:2962:32)
    at F:\instructor_attendance_apis\api\node_modules\mongoose\lib\document.js:2753:17
    at F:\instructor_attendance_apis\api\node_modules\mongoose\lib\schematype.js:1325:9
    at process.processTicksAndRejections (node:internal/process/task_queues:77:11)
error: Feb-22-2024 20:41:56: ObjectParameterError: Parameter "obj" to Document() must be an object, got 75c57a52-62d6-464b-9bdc-a22ae5071854
    at model.Document (F:\instructor_attendance_apis\api\node_modules\mongoose\lib\document.js:104:11)
    at model.Model (F:\instructor_attendance_apis\api\node_modules\mongoose\lib\model.js:108:12)
    at new model (F:\instructor_attendance_apis\api\node_modules\mongoose\lib\model.js:4813:15)
    at instructorRegistration (F:\instructor_attendance_apis\api\controllers\instructorController.js:22:24)
    at process.processTicksAndRejections (node:internal/process/task_queues:95:5)
error: Feb-22-2024 20:45:28: ValidationError: instructor validation failed: password: Path `password` is required., email: Path `email` is required., fullName: Path `fullName` is required.
    at Document.invalidate (F:\instructor_attendance_apis\api\node_modules\mongoose\lib\document.js:2962:32)
    at F:\instructor_attendance_apis\api\node_modules\mongoose\lib\document.js:2753:17
    at F:\instructor_attendance_apis\api\node_modules\mongoose\lib\schematype.js:1325:9
    at process.processTicksAndRejections (node:internal/process/task_queues:77:11)
error: Feb-22-2024 20:46:48: ValidationError: instructor validation failed: password: Path `password` is required., email: Path `email` is required., fullName: Path `fullName` is required.
    at Document.invalidate (F:\instructor_attendance_apis\api\node_modules\mongoose\lib\document.js:2962:32)
    at F:\instructor_attendance_apis\api\node_modules\mongoose\lib\document.js:2753:17
    at F:\instructor_attendance_apis\api\node_modules\mongoose\lib\schematype.js:1325:9
    at process.processTicksAndRejections (node:internal/process/task_queues:77:11)
error: Feb-22-2024 20:50:15: ReferenceError: moment is not defined
    at exports.checkInService (F:\instructor_attendance_apis\api\services\checkInService.js:8:23)
    at process.processTicksAndRejections (node:internal/process/task_queues:95:5)
    at async exports.checkIn (F:\instructor_attendance_apis\api\controllers\checkInController.js:5:24)
error: Feb-22-2024 22:33:46: TokenExpiredError: jwt expired
    at F:\instructor_attendance_apis\api\node_modules\jsonwebtoken\verify.js:152:21
    at getSecret (F:\instructor_attendance_apis\api\node_modules\jsonwebtoken\verify.js:90:14)
    at module.exports [as verify] (F:\instructor_attendance_apis\api\node_modules\jsonwebtoken\verify.js:94:10)
    at authenticate (F:\instructor_attendance_apis\api\middleware\authenticate.js:12:29)
    at Layer.handle [as handle_request] (F:\instructor_attendance_apis\api\node_modules\express\lib\router\layer.js:95:5)
    at next (F:\instructor_attendance_apis\api\node_modules\express\lib\router\route.js:137:13)
    at F:\instructor_attendance_apis\api\middleware\validate.js:10:7
    at process.processTicksAndRejections (node:internal/process/task_queues:95:5)
error: Feb-22-2024 23:23:45: MongoServerError: The field 'fullName' must be an accumulator object
    at MessageStream.messageHandler (F:\instructor_attendance_apis\api\node_modules\mongodb\lib\cmap\connection.js:462:30)
    at MessageStream.emit (node:events:513:28)
    at processIncomingData (F:\instructor_attendance_apis\api\node_modules\mongodb\lib\cmap\message_stream.js:108:16)
    at MessageStream._write (F:\instructor_attendance_apis\api\node_modules\mongodb\lib\cmap\message_stream.js:28:9)
    at writeOrBuffer (node:internal/streams/writable:392:12)
    at _write (node:internal/streams/writable:333:10)
    at Writable.write (node:internal/streams/writable:337:10)
    at TLSSocket.ondata (node:internal/streams/readable:766:22)
    at TLSSocket.emit (node:events:513:28)
    at addChunk (node:internal/streams/readable:324:12)
error: Feb-22-2024 23:27:42: MongoServerError: PlanExecutor error during aggregation :: caused by :: can't $subtract array from array
    at MessageStream.messageHandler (F:\instructor_attendance_apis\api\node_modules\mongodb\lib\cmap\connection.js:462:30)
    at MessageStream.emit (node:events:513:28)
    at processIncomingData (F:\instructor_attendance_apis\api\node_modules\mongodb\lib\cmap\message_stream.js:108:16)
    at MessageStream._write (F:\instructor_attendance_apis\api\node_modules\mongodb\lib\cmap\message_stream.js:28:9)
    at writeOrBuffer (node:internal/streams/writable:392:12)
    at _write (node:internal/streams/writable:333:10)
    at Writable.write (node:internal/streams/writable:337:10)
    at TLSSocket.ondata (node:internal/streams/readable:766:22)
    at TLSSocket.emit (node:events:513:28)
    at addChunk (node:internal/streams/readable:324:12)
error: Feb-22-2024 23:33:59: TokenExpiredError: jwt expired
    at F:\instructor_attendance_apis\api\node_modules\jsonwebtoken\verify.js:152:21
    at getSecret (F:\instructor_attendance_apis\api\node_modules\jsonwebtoken\verify.js:90:14)
    at module.exports [as verify] (F:\instructor_attendance_apis\api\node_modules\jsonwebtoken\verify.js:94:10)
    at authenticate (F:\instructor_attendance_apis\api\middleware\authenticate.js:12:29)
    at Layer.handle [as handle_request] (F:\instructor_attendance_apis\api\node_modules\express\lib\router\layer.js:95:5)
    at next (F:\instructor_attendance_apis\api\node_modules\express\lib\router\route.js:137:13)
    at F:\instructor_attendance_apis\api\middleware\validate.js:10:7
    at process.processTicksAndRejections (node:internal/process/task_queues:95:5)
error: Feb-22-2024 23:37:40: ReferenceError: totalHours is not defined
    at exports.getMonthlyReportService (F:\instructor_attendance_apis\api\services\getMonthlyReportService.js:42:13)
    at process.processTicksAndRejections (node:internal/process/task_queues:95:5)
    at async exports.getMonthlyReport (F:\instructor_attendance_apis\api\controllers\monthlyReportController.js:5:24)
