info: Feb-20-2024 12:31:43: 	Server is running at PORT 8000
info: Feb-20-2024 12:31:46: 	Connection Successful
info: Feb-20-2024 12:41:17: 	Server is running at PORT 8000
info: Feb-20-2024 12:41:19: 	Connection Successful
error: Feb-20-2024 12:59:43: 	Error - authenticate- jwt must be provided
info: Feb-20-2024 13:14:15: 	Server is running at PORT 8000
info: Feb-20-2024 13:14:18: 	Connection Successful
info: Feb-20-2024 13:14:35: 	Server is running at PORT 8000
info: Feb-20-2024 13:14:37: 	Connection Successful
info: Feb-20-2024 13:19:22: 	Server is running at PORT 8000
info: Feb-20-2024 13:19:25: 	Server is running at PORT 8000
info: Feb-20-2024 13:19:27: 	Server is running at PORT 8000
info: Feb-20-2024 13:19:29: 	Connection Successful
info: Feb-20-2024 13:27:38: 	Server is running at PORT 8000
info: Feb-20-2024 13:27:42: 	Connection Successful
info: Feb-20-2024 13:30:50: 	Server is running at PORT 8000
info: Feb-20-2024 13:30:51: 	Connection Successful
info: Feb-20-2024 13:30:56: 	Server is running at PORT 8000
info: Feb-20-2024 13:30:57: 	Connection Successful
info: Feb-20-2024 13:31:08: 	Server is running at PORT 8000
info: Feb-20-2024 13:31:12: 	Error in Connect Mongo
info: Feb-20-2024 13:31:23: 	Server is running at PORT 8000
info: Feb-20-2024 13:31:26: 	Connection Successful
info: Feb-20-2024 13:31:33: 	Server is running at PORT 8000
info: Feb-20-2024 13:31:34: 	Connection Successful
info: Feb-20-2024 13:32:06: 	Server is running at PORT 8000
info: Feb-20-2024 13:32:08: 	Connection Successful
info: Feb-20-2024 13:33:16: 	Server is running at PORT 8000
info: Feb-20-2024 13:33:19: 	Connection Successful
info: Feb-20-2024 13:34:32: 	Server is running at PORT 8000
info: Feb-20-2024 13:34:34: 	Connection Successful
info: Feb-20-2024 13:34:46: 	Server is running at PORT 8000
info: Feb-20-2024 13:34:53: 	Server is running at PORT 8000
info: Feb-20-2024 13:34:54: 	Connection Successful
info: Feb-20-2024 13:34:58: 	Server is running at PORT 8000
info: Feb-20-2024 13:34:59: 	Connection Successful
info: Feb-20-2024 13:35:17: 	Server is running at PORT 8000
info: Feb-20-2024 13:35:18: 	Connection Successful
info: Feb-20-2024 13:35:25: 	Server is running at PORT 8000
info: Feb-20-2024 13:35:26: 	Connection Successful
info: Feb-20-2024 13:37:01: 	Server is running at PORT 8000
info: Feb-20-2024 13:37:03: 	Connection Successful
info: Feb-20-2024 13:37:23: 	Server is running at PORT 8000
info: Feb-20-2024 13:37:24: 	Connection Successful
info: Feb-20-2024 13:37:32: 	Server is running at PORT 8000
info: Feb-20-2024 13:37:33: 	Connection Successful
info: Feb-20-2024 13:37:55: 	Server is running at PORT 8000
info: Feb-20-2024 13:37:57: 	Connection Successful
info: Feb-20-2024 13:38:01: 	Server is running at PORT 8000
info: Feb-20-2024 13:38:04: 	Connection Successful
info: Feb-20-2024 13:39:21: 	Server is running at PORT 8000
info: Feb-20-2024 13:39:22: 	Connection Successful
info: Feb-20-2024 13:39:54: 	Server is running at PORT 8000
info: Feb-20-2024 13:39:57: 	Connection Successful
info: Feb-20-2024 13:40:09: 	Server is running at PORT 8000
info: Feb-20-2024 13:40:10: 	Connection Successful
info: Feb-20-2024 13:40:12: 	Server is running at PORT 8000
info: Feb-20-2024 13:40:14: 	Connection Successful
info: Feb-20-2024 13:40:43: 	Server is running at PORT 8000
info: Feb-20-2024 13:40:45: 	Connection Successful
info: Feb-20-2024 13:41:03: 	Server is running at PORT 8000
info: Feb-20-2024 13:42:19: 	Error in Connect Mongo
info: Feb-20-2024 13:42:28: 	Server is running at PORT 8000
info: Feb-20-2024 13:42:31: 	Server is running at PORT 8000
info: Feb-20-2024 13:42:37: 	Server is running at PORT 8000
info: Feb-20-2024 13:42:45: 	Server is running at PORT 8000
info: Feb-20-2024 13:42:59: 	Server is running at PORT 8000
info: Feb-20-2024 13:43:26: 	Server is running at PORT 8000
info: Feb-20-2024 13:43:30: 	Server is running at PORT 8000
info: Feb-20-2024 13:43:47: 	Connection Successful
info: Feb-20-2024 13:44:19: 	Server is running at PORT 8000
info: Feb-20-2024 13:44:35: 	Connection Successful
info: Feb-20-2024 13:44:46: 	Server is running at PORT 8000
info: Feb-20-2024 13:44:48: 	Connection Successful
info: Feb-20-2024 13:44:56: 	Server is running at PORT 8000
info: Feb-20-2024 13:44:57: 	Connection Successful
info: Feb-20-2024 13:45:03: 	Server is running at PORT 8000
info: Feb-20-2024 13:45:04: 	Connection Successful
info: Feb-20-2024 13:45:10: 	Server is running at PORT 8000
info: Feb-20-2024 13:45:12: 	Connection Successful
info: Feb-20-2024 13:46:32: 	Server is running at PORT 8000
info: Feb-20-2024 13:46:39: 	Connection Successful
info: Feb-20-2024 13:46:52: 	Server is running at PORT 8000
info: Feb-20-2024 13:46:53: 	Connection Successful
info: Feb-20-2024 13:47:07: 	Server is running at PORT 8000
info: Feb-20-2024 13:47:08: 	Connection Successful
info: Feb-20-2024 13:48:07: 	Server is running at PORT 8000
info: Feb-20-2024 13:48:13: 	Server is running at PORT 8000
info: Feb-20-2024 13:48:17: 	Server is running at PORT 8000
info: Feb-20-2024 13:48:18: 	Connection Successful
info: Feb-20-2024 13:48:21: 	Server is running at PORT 8000
info: Feb-20-2024 13:48:22: 	Connection Successful
info: Feb-20-2024 13:48:31: 	Server is running at PORT 8000
info: Feb-20-2024 13:48:33: 	Connection Successful
info: Feb-20-2024 13:48:36: 	Server is running at PORT 8000
info: Feb-20-2024 13:48:40: 	Server is running at PORT 8000
info: Feb-20-2024 13:48:46: 	Server is running at PORT 8000
info: Feb-20-2024 13:48:52: 	Connection Successful
info: Feb-20-2024 13:49:32: 	Server is running at PORT 8000
info: Feb-20-2024 13:49:33: 	Connection Successful
info: Feb-20-2024 13:49:40: 	Server is running at PORT 8000
info: Feb-20-2024 13:49:42: 	Server is running at PORT 8000
info: Feb-20-2024 13:49:44: 	Connection Successful
info: Feb-20-2024 13:50:29: 	Server is running at PORT 8000
info: Feb-20-2024 13:50:30: 	Connection Successful
info: Feb-20-2024 13:51:10: 	Server is running at PORT 8000
info: Feb-20-2024 13:51:17: 	Connection Successful
info: Feb-20-2024 13:51:43: 	Server is running at PORT 8000
info: Feb-20-2024 13:51:45: 	Connection Successful
info: Feb-20-2024 13:52:04: 	Server is running at PORT 8000
info: Feb-20-2024 13:52:06: 	Connection Successful
info: Feb-20-2024 13:56:26: 	Server is running at PORT 8000
info: Feb-20-2024 13:56:31: 	Connection Successful
info: Feb-20-2024 14:01:40: 	Server is running at PORT 8000
info: Feb-20-2024 14:01:42: 	Connection Successful
info: Feb-20-2024 14:01:50: 	Server is running at PORT 8000
info: Feb-20-2024 14:01:51: 	Connection Successful
error: Feb-20-2024 14:02:22: 	Error - authenticate- jwt expired
info: Feb-20-2024 15:11:05: 	Server is running at PORT 8000
info: Feb-20-2024 15:11:07: 	Connection Successful
info: Feb-20-2024 15:26:37: 	Server is running at PORT 8000
info: Feb-20-2024 15:26:41: 	Connection Successful
info: Feb-20-2024 15:33:37: 	Server is running at PORT 8000
info: Feb-20-2024 15:33:39: 	Connection Successful
info: Feb-20-2024 15:35:14: 	Server is running at PORT 8000
info: Feb-20-2024 15:35:17: 	Connection Successful
info: Feb-20-2024 15:35:58: 	Server is running at PORT 8000
info: Feb-20-2024 15:35:59: 	Connection Successful
info: Feb-20-2024 15:42:34: 	Server is running at PORT 8000
info: Feb-20-2024 15:42:36: 	Connection Successful
info: Feb-20-2024 15:47:58: 	Server is running at PORT 8000
info: Feb-20-2024 15:48:00: 	Connection Successful
info: Feb-20-2024 15:48:23: 	Server is running at PORT 8000
info: Feb-20-2024 15:48:26: 	Connection Successful
info: Feb-20-2024 16:03:47: 	Server is running at PORT 8000
info: Feb-20-2024 16:03:49: 	Connection Successful
error: Feb-20-2024 16:03:52: 	Error - authenticate- jwt expired
info: Feb-20-2024 16:09:58: 	Server is running at PORT 8000
info: Feb-20-2024 16:10:00: 	Connection Successful
error: Feb-20-2024 16:10:13: 	Error - authenticate- jwt expired
info: Feb-20-2024 16:12:47: 	Server is running at PORT 8000
info: Feb-20-2024 16:12:49: 	Connection Successful
info: Feb-20-2024 16:19:17: 	Server is running at PORT 8000
info: Feb-20-2024 16:19:18: 	Connection Successful
info: Feb-20-2024 16:26:36: 	Server is running at PORT 8000
info: Feb-20-2024 16:26:41: 	Server is running at PORT 8000
info: Feb-20-2024 16:26:43: 	Connection Successful
info: Feb-20-2024 16:33:28: 	Server is running at PORT 8000
info: Feb-20-2024 16:33:30: 	Connection Successful
info: Feb-20-2024 16:36:40: 	Server is running at PORT 8000
info: Feb-20-2024 16:36:44: 	Connection Successful
info: Feb-20-2024 16:41:30: 	Server is running at PORT 8000
info: Feb-20-2024 16:41:32: 	Connection Successful
info: Feb-20-2024 16:42:11: 	Server is running at PORT 8000
info: Feb-20-2024 16:42:12: 	Connection Successful
info: Feb-20-2024 16:44:07: 	Server is running at PORT 8000
info: Feb-20-2024 16:44:12: 	Server is running at PORT 8000
info: Feb-20-2024 16:44:14: 	Connection Successful
info: Feb-20-2024 16:44:25: 	Server is running at PORT 8000
info: Feb-20-2024 16:44:28: 	Connection Successful
info: Feb-20-2024 16:45:16: 	Server is running at PORT 8000
info: Feb-20-2024 16:45:18: 	Connection Successful
info: Feb-20-2024 16:50:27: 	Server is running at PORT 8000
info: Feb-20-2024 16:50:29: 	Connection Successful
info: Feb-20-2024 16:50:54: 	Server is running at PORT 8000
info: Feb-20-2024 16:50:56: 	Connection Successful
info: Feb-20-2024 16:51:40: 	Server is running at PORT 8000
info: Feb-20-2024 16:51:41: 	Connection Successful
info: Feb-20-2024 16:51:46: 	Server is running at PORT 8000
info: Feb-20-2024 16:51:49: 	Server is running at PORT 8000
info: Feb-20-2024 16:51:50: 	Connection Successful
info: Feb-20-2024 16:51:53: 	Server is running at PORT 8000
info: Feb-20-2024 16:51:54: 	Connection Successful
info: Feb-20-2024 16:53:40: 	Server is running at PORT 8000
info: Feb-20-2024 16:53:43: 	Connection Successful
info: Feb-20-2024 16:54:23: 	Server is running at PORT 8000
info: Feb-20-2024 16:54:25: 	Connection Successful
info: Feb-20-2024 17:04:18: 	Server is running at PORT 8000
info: Feb-20-2024 17:04:22: 	Connection Successful
error: Feb-20-2024 17:04:27: 	Error - authenticate- jwt expired
error: Feb-20-2024 17:04:57: 	Error - authenticate- jwt expired
info: Feb-20-2024 17:09:13: 	Server is running at PORT 8000
info: Feb-20-2024 17:09:17: 	Connection Successful
info: Feb-20-2024 17:10:20: 	Server is running at PORT 8000
info: Feb-20-2024 17:10:21: 	Connection Successful
info: Feb-20-2024 17:15:11: 	Server is running at PORT 8000
info: Feb-20-2024 17:15:14: 	Connection Successful
info: Feb-20-2024 17:23:45: 	Server is running at PORT 8000
info: Feb-20-2024 17:23:47: 	Connection Successful
info: Feb-20-2024 17:25:55: 	Server is running at PORT 8000
info: Feb-20-2024 17:25:57: 	Connection Successful
error: Feb-20-2024 18:13:57: 	Error - authenticate- jwt expired
info: Feb-20-2024 18:39:37: 	Server is running at PORT 8000
info: Feb-20-2024 18:39:39: 	Connection Successful
info: Feb-20-2024 18:45:07: 	Server is running at PORT 8000
info: Feb-20-2024 18:45:16: 	Server is running at PORT 8000
info: Feb-20-2024 18:45:18: 	Connection Successful
info: Feb-20-2024 18:49:35: 	Server is running at PORT 8000
info: Feb-20-2024 18:49:37: 	Connection Successful
info: Feb-20-2024 18:49:53: 	Server is running at PORT 8000
info: Feb-20-2024 18:49:54: 	Connection Successful
info: Feb-20-2024 18:50:05: 	Server is running at PORT 8000
info: Feb-20-2024 18:50:06: 	Connection Successful
info: Feb-20-2024 18:51:02: 	Server is running at PORT 8000
info: Feb-20-2024 18:51:35: 	Server is running at PORT 8000
info: Feb-20-2024 18:51:37: 	Connection Successful
info: Feb-20-2024 18:54:42: 	Server is running at PORT 8000
info: Feb-20-2024 18:54:53: 	Server is running at PORT 8000
info: Feb-20-2024 18:54:54: 	Connection Successful
info: Feb-20-2024 18:55:30: 	Server is running at PORT 8000
info: Feb-20-2024 18:55:32: 	Connection Successful
info: Feb-20-2024 18:56:17: 	Server is running at PORT 8000
info: Feb-20-2024 18:56:18: 	Connection Successful
info: Feb-20-2024 19:03:25: 	Server is running at PORT 8000
info: Feb-20-2024 19:03:36: 	Server is running at PORT 8000
info: Feb-20-2024 19:03:40: 	Server is running at PORT 8000
info: Feb-20-2024 19:03:43: 	Server is running at PORT 8000
info: Feb-20-2024 19:03:44: 	Connection Successful
info: Feb-20-2024 19:04:00: 	Server is running at PORT 8000
info: Feb-20-2024 19:04:01: 	Connection Successful
info: Feb-20-2024 19:04:05: 	Server is running at PORT 8000
info: Feb-20-2024 19:04:06: 	Connection Successful
info: Feb-20-2024 19:04:47: 	Server is running at PORT 8000
info: Feb-20-2024 19:04:50: 	Connection Successful
info: Feb-20-2024 19:10:01: 	Server is running at PORT 8000
info: Feb-20-2024 19:10:03: 	Connection Successful
info: Feb-20-2024 19:10:12: 	Server is running at PORT 8000
info: Feb-20-2024 19:10:13: 	Connection Successful
info: Feb-20-2024 19:10:19: 	Server is running at PORT 8000
info: Feb-20-2024 19:10:20: 	Connection Successful
info: Feb-20-2024 19:17:31: 	Server is running at PORT 8000
info: Feb-20-2024 19:17:34: 	Connection Successful
info: Feb-20-2024 19:17:58: 	Server is running at PORT 8000
info: Feb-20-2024 19:18:05: 	Server is running at PORT 8000
info: Feb-20-2024 19:18:06: 	Connection Successful
info: Feb-20-2024 19:18:08: 	Server is running at PORT 8000
info: Feb-20-2024 19:18:09: 	Connection Successful
error: Feb-20-2024 19:19:38: 	Error - authenticate- jwt expired
info: Feb-20-2024 19:20:15: 	Server is running at PORT 8000
info: Feb-20-2024 19:20:16: 	Connection Successful
error: Feb-20-2024 19:20:25: 	Error - authenticate- jwt expired
info: Feb-20-2024 19:22:30: 	Server is running at PORT 8000
info: Feb-20-2024 19:22:33: 	Connection Successful
info: Feb-20-2024 19:32:07: 	Server is running at PORT 8000
info: Feb-20-2024 19:32:17: 	Server is running at PORT 8000
info: Feb-20-2024 19:32:19: 	Connection Successful
info: Feb-20-2024 19:33:47: 	Server is running at PORT 8000
info: Feb-20-2024 19:33:51: 	Connection Successful
info: Feb-20-2024 19:37:27: 	Server is running at PORT 8000
info: Feb-20-2024 19:37:30: 	Connection Successful
info: Feb-20-2024 19:40:33: 	Server is running at PORT 8000
info: Feb-20-2024 19:40:35: 	Connection Successful
error: Feb-20-2024 19:48:58: 	Error -checkOutService- Cannot read properties of null (reading 'checkInTime')
error: Feb-20-2024 19:49:55: 	Error - authenticate- jwt expired
error: Feb-20-2024 19:50:20: 	Error -checkOutService- Cannot read properties of null (reading 'checkInTime')
info: Feb-20-2024 19:57:46: 	Server is running at PORT 8000
info: Feb-20-2024 19:57:48: 	Connection Successful
info: Feb-20-2024 19:57:59: 	Server is running at PORT 8000
info: Feb-20-2024 19:58:00: 	Connection Successful
info: Feb-20-2024 19:58:05: 	Server is running at PORT 8000
info: Feb-20-2024 19:58:06: 	Connection Successful
error: Feb-20-2024 19:58:35: 	Error -checkOutService- checkOutTime.getTime is not a function
info: Feb-20-2024 19:59:22: 	Server is running at PORT 8000
info: Feb-20-2024 19:59:24: 	Server is running at PORT 8000
info: Feb-20-2024 19:59:27: 	Connection Successful
info: Feb-20-2024 19:59:40: 	Server is running at PORT 8000
info: Feb-20-2024 19:59:42: 	Connection Successful
info: Feb-20-2024 20:04:18: 	Server is running at PORT 8000
info: Feb-20-2024 20:04:20: 	Connection Successful
info: Feb-20-2024 20:06:27: 	Server is running at PORT 8000
info: Feb-20-2024 20:06:40: 	Server is running at PORT 8000
info: Feb-20-2024 20:06:42: 	Connection Successful
info: Feb-20-2024 20:06:48: 	Server is running at PORT 8000
info: Feb-20-2024 20:06:49: 	Connection Successful
info: Feb-20-2024 20:07:06: 	Server is running at PORT 8000
info: Feb-20-2024 20:07:08: 	Connection Successful
info: Feb-20-2024 20:07:12: 	Server is running at PORT 8000
info: Feb-20-2024 20:07:14: 	Connection Successful
info: Feb-20-2024 20:07:25: 	Server is running at PORT 8000
info: Feb-20-2024 20:07:27: 	Connection Successful
info: Feb-20-2024 20:07:35: 	Server is running at PORT 8000
info: Feb-20-2024 20:07:36: 	Connection Successful
info: Feb-20-2024 20:19:43: 	Server is running at PORT 8000
info: Feb-20-2024 20:19:44: 	Connection Successful
info: Feb-20-2024 20:20:27: 	Server is running at PORT 8000
info: Feb-20-2024 20:20:28: 	Connection Successful
info: Feb-20-2024 20:20:55: 	Server is running at PORT 8000
info: Feb-20-2024 20:20:59: 	Connection Successful
info: Feb-20-2024 20:22:14: 	Server is running at PORT 8000
info: Feb-20-2024 20:22:15: 	Connection Successful
info: Feb-20-2024 20:22:20: 	Server is running at PORT 8000
info: Feb-20-2024 20:22:21: 	Connection Successful
info: Feb-20-2024 20:24:46: 	Server is running at PORT 8000
info: Feb-20-2024 20:24:48: 	Connection Successful
info: Feb-20-2024 20:27:19: 	Server is running at PORT 8000
info: Feb-20-2024 20:27:20: 	Connection Successful
info: Feb-20-2024 20:27:36: 	Server is running at PORT 8000
info: Feb-20-2024 20:27:37: 	Connection Successful
info: Feb-20-2024 20:27:48: 	Server is running at PORT 8000
info: Feb-20-2024 20:27:56: 	Server is running at PORT 8000
info: Feb-20-2024 20:27:59: 	Server is running at PORT 8000
info: Feb-20-2024 20:28:00: 	Connection Successful
info: Feb-20-2024 20:28:13: 	Server is running at PORT 8000
info: Feb-20-2024 20:28:16: 	Server is running at PORT 8000
info: Feb-20-2024 20:28:17: 	Connection Successful
info: Feb-20-2024 20:31:39: 	Server is running at PORT 8000
info: Feb-20-2024 20:31:41: 	Connection Successful
info: Feb-20-2024 20:32:27: 	Server is running at PORT 8000
info: Feb-20-2024 20:32:28: 	Connection Successful
info: Feb-20-2024 20:32:58: 	Server is running at PORT 8000
info: Feb-20-2024 20:33:00: 	Connection Successful
info: Feb-20-2024 20:33:31: 	Server is running at PORT 8000
info: Feb-20-2024 20:33:32: 	Connection Successful
info: Feb-20-2024 20:33:51: 	Server is running at PORT 8000
info: Feb-20-2024 20:33:53: 	Connection Successful
error: Feb-20-2024 20:34:00: 	Error - authenticate- jwt expired
info: Feb-20-2024 20:35:42: 	Server is running at PORT 8000
info: Feb-20-2024 20:35:45: 	Connection Successful
info: Feb-20-2024 20:37:42: 	Server is running at PORT 8000
info: Feb-20-2024 20:37:44: 	Connection Successful
info: Feb-20-2024 20:38:04: 	Server is running at PORT 8000
info: Feb-20-2024 20:38:07: 	Connection Successful
info: Feb-20-2024 20:38:14: 	Server is running at PORT 8000
info: Feb-20-2024 20:38:15: 	Connection Successful
info: Feb-20-2024 20:38:21: 	Server is running at PORT 8000
info: Feb-20-2024 20:38:22: 	Connection Successful
info: Feb-20-2024 20:38:35: 	Server is running at PORT 8000
info: Feb-20-2024 20:38:38: 	Server is running at PORT 8000
info: Feb-20-2024 20:38:40: 	Connection Successful
info: Feb-20-2024 20:39:44: 	Server is running at PORT 8000
info: Feb-20-2024 20:39:47: 	Connection Successful
info: Feb-20-2024 20:40:23: 	Server is running at PORT 8000
info: Feb-20-2024 20:40:26: 	Server is running at PORT 8000
info: Feb-20-2024 20:40:28: 	Connection Successful
info: Feb-20-2024 20:40:39: 	Server is running at PORT 8000
info: Feb-20-2024 20:40:40: 	Connection Successful
info: Feb-20-2024 20:40:44: 	Server is running at PORT 8000
info: Feb-20-2024 20:40:48: 	Server is running at PORT 8000
info: Feb-20-2024 20:40:49: 	Connection Successful
info: Feb-20-2024 20:40:55: 	Server is running at PORT 8000
info: Feb-20-2024 20:40:57: 	Connection Successful
info: Feb-20-2024 20:40:59: 	Server is running at PORT 8000
info: Feb-20-2024 20:41:01: 	Connection Successful
info: Feb-20-2024 20:42:03: 	Server is running at PORT 8000
info: Feb-20-2024 20:42:05: 	Connection Successful
info: Feb-20-2024 20:44:58: 	Server is running at PORT 8000
info: Feb-20-2024 20:45:00: 	Server is running at PORT 8000
info: Feb-20-2024 20:45:03: 	Connection Successful
info: Feb-20-2024 21:02:59: 	Server is running at PORT 8000
info: Feb-20-2024 21:03:01: 	Connection Successful
info: Feb-20-2024 21:04:47: 	Server is running at PORT 8000
info: Feb-20-2024 21:04:49: 	Connection Successful
info: Feb-20-2024 21:05:44: 	Server is running at PORT 8000
info: Feb-20-2024 21:05:45: 	Connection Successful
info: Feb-20-2024 21:06:19: 	Server is running at PORT 8000
info: Feb-20-2024 21:06:21: 	Connection Successful
info: Feb-20-2024 21:06:49: 	Server is running at PORT 8000
info: Feb-20-2024 21:06:51: 	Connection Successful
info: Feb-20-2024 21:07:18: 	Server is running at PORT 8000
info: Feb-20-2024 21:07:20: 	Connection Successful
info: Feb-20-2024 21:08:48: 	Server is running at PORT 8000
info: Feb-20-2024 21:08:51: 	Connection Successful
info: Feb-20-2024 21:09:26: 	Server is running at PORT 8000
info: Feb-20-2024 21:09:30: 	Server is running at PORT 8000
info: Feb-20-2024 21:09:32: 	Connection Successful
info: Feb-20-2024 21:10:01: 	Server is running at PORT 8000
info: Feb-20-2024 21:10:03: 	Connection Successful
info: Feb-20-2024 21:12:52: 	Server is running at PORT 8000
info: Feb-20-2024 21:12:55: 	Connection Successful
